[16:23:59] [ServerMain/INFO]: [bootstrap] Running Java 21 (OpenJDK 64-Bit Server VM 21.0.8+9-Ubuntu-0ubuntu124.04.1; Ubuntu null) on Linux 6.8.0-1030-azure (amd64)
[16:23:59] [ServerMain/INFO]: [bootstrap] Loading Paper 1.21.8-6-main@782ce95 (2025-07-18T20:26:58Z) for Minecraft 1.21.8
[16:23:59] [ServerMain/INFO]: [PluginInitializerManager] Initializing plugins...
[16:23:59] [ServerMain/INFO]: [PluginInitializerManager] Initialized 0 plugins
[16:23:59] [Paper Plugin Remapper Thread - 1/INFO]: [ReobfServer] Remapping server...
[16:24:07] [ServerMain/INFO]: Environment: Environment[sessionHost=https://sessionserver.mojang.com, servicesHost=https://api.minecraftservices.com, name=PROD]
[16:24:07] [ServerMain/INFO]: Found new data pack file/bukkit, loading it automatically
[16:24:07] [ServerMain/INFO]: Found new data pack paper, loading it automatically
[16:24:08] [Paper Plugin Remapper Thread - 1/INFO]: [ReobfServer] Done remapping server in 8598ms.
[16:24:08] [ServerMain/INFO]: No existing world data, creating new world
[16:24:09] [ServerMain/INFO]: Loaded 1407 recipes
[16:24:09] [ServerMain/INFO]: Loaded 1520 advancements
[16:24:09] [ServerMain/INFO]: [ca.spottedleaf.dataconverter.minecraft.datatypes.MCTypeRegistry] Initialising converters for DataConverter...
[16:24:09] [ServerMain/INFO]: [ca.spottedleaf.dataconverter.minecraft.datatypes.MCTypeRegistry] Finished initialising converters for DataConverter in 378.9ms
[16:24:09] [Server thread/INFO]: Starting minecraft server version 1.21.8
[16:24:09] [Server thread/INFO]: Loading properties
[16:24:10] [Server thread/INFO]: This server is running Paper version 1.21.8-6-main@782ce95 (2025-07-18T20:26:58Z) (Implementing API version 1.21.8-R0.1-SNAPSHOT)
[16:24:10] [Server thread/INFO]: [spark] This server bundles the spark profiler. For more information please visit https://docs.papermc.io/paper/profiling
[16:24:10] [Server thread/INFO]: Server Ping Player Sample Count: 12
[16:24:10] [Server thread/INFO]: Using 4 threads for Netty based IO
[16:24:10] [Server thread/INFO]: [MoonriseCommon] Paper is using 1 worker threads, 1 I/O threads
[16:24:10] [Server thread/INFO]: [ChunkTaskScheduler] Chunk system is using population gen parallelism: true
[16:24:11] [Server thread/INFO]: Default game type: SURVIVAL
[16:24:11] [Server thread/INFO]: Generating keypair
[16:24:11] [Server thread/INFO]: Starting Minecraft server on *:25565
[16:24:11] [Server thread/INFO]: Using epoll channel type
[16:24:11] [Server thread/INFO]: Paper: Using libdeflate (Linux x86_64) compression from Velocity.
[16:24:11] [Server thread/INFO]: Paper: Using OpenSSL 3.x.x (Linux x86_64) cipher from Velocity.
[16:24:11] [Server thread/WARN]: **** SERVER IS RUNNING IN OFFLINE/INSECURE MODE!
[16:24:11] [Server thread/WARN]: The server will make no attempt to authenticate usernames. Beware.
[16:24:11] [Server thread/WARN]: While this makes the game possible to play without internet access, it also opens up the ability for hackers to connect with any username they choose.
[16:24:11] [Server thread/WARN]: To change this, set "online-mode" to "true" in the server.properties file.
[16:24:11] [Server thread/INFO]: Preparing level "world"
[16:24:22] [Server thread/INFO]: Preparing start region for dimension minecraft:overworld
[16:24:22] [Server thread/INFO]: Preparing spawn area: 2%
[16:24:23] [Server thread/INFO]: Preparing spawn area: 2%
[16:24:23] [Server thread/INFO]: Preparing spawn area: 2%
[16:24:24] [Server thread/INFO]: Preparing spawn area: 2%
[16:24:24] [Server thread/INFO]: Preparing spawn area: 2%
[16:24:25] [Server thread/INFO]: Preparing spawn area: 18%
[16:24:25] [Server thread/INFO]: Preparing spawn area: 18%
[16:24:26] [Server thread/INFO]: Preparing spawn area: 18%
[16:24:26] [Server thread/INFO]: Preparing spawn area: 18%
[16:24:27] [Server thread/INFO]: Preparing spawn area: 18%
[16:24:27] [Server thread/INFO]: Preparing spawn area: 32%
[16:24:28] [Server thread/INFO]: Preparing spawn area: 51%
[16:24:28] [Server thread/INFO]: Preparing spawn area: 55%
[16:24:29] [Server thread/INFO]: Preparing spawn area: 55%
[16:24:29] [Server thread/INFO]: Preparing spawn area: 65%
[16:24:30] [Server thread/INFO]: Time elapsed: 7361 ms
[16:24:30] [Server thread/INFO]: Preparing start region for dimension minecraft:the_nether
[16:24:30] [Server thread/INFO]: Preparing spawn area: 2%
[16:24:30] [Server thread/INFO]: Preparing spawn area: 18%
[16:24:31] [Server thread/INFO]: Preparing spawn area: 28%
[16:24:31] [Server thread/INFO]: Preparing spawn area: 61%
[16:24:31] [Server thread/INFO]: Time elapsed: 1822 ms
[16:24:31] [Server thread/INFO]: Preparing start region for dimension minecraft:the_end
[16:24:31] [Server thread/INFO]: Preparing spawn area: 2%
[16:24:32] [Server thread/INFO]: Time elapsed: 440 ms
[16:24:32] [Server thread/INFO]: [spark] Starting background profiler...
[16:24:33] [Server thread/INFO]: Done preparing level "world" (21.825s)
[16:24:33] [Server thread/INFO]: Running delayed init tasks
[16:24:33] [Server thread/INFO]: Done (34.940s)! For help, type "help"
[16:24:33] [Server thread/INFO]: *************************************************************************************
[16:24:33] [Server thread/INFO]: This is the first time you're starting this server.
[16:24:33] [Server thread/INFO]: It's recommended you read our 'Getting Started' documentation for guidance.
[16:24:33] [Server thread/INFO]: View this and more helpful information here: https://docs.papermc.io/paper/next-steps
[16:24:33] [Server thread/INFO]: *************************************************************************************
[16:24:33] [Server thread/INFO]: Unknown or incomplete command, see below for error
home/codespace/.python/current/bin/python /workspaces/loscrackscraft/msx.py<--[HERE]
